<?xml version="1.0" encoding="UTF-8"?>
<testng-results skipped="0" failed="1" total="1" passed="0">
  <reporter-output>
  </reporter-output>
  <suite name="Default suite" duration-ms="110365" started-at="2018-07-18T06:31:09Z" finished-at="2018-07-18T06:33:00Z">
    <groups>
    </groups>
    <test name="Default test" duration-ms="110365" started-at="2018-07-18T06:31:09Z" finished-at="2018-07-18T06:33:00Z">
      <class name="cn.lixing.worker.Test.TestCase.BindCodeTesCase">
        <test-method status="PASS" signature="initTestData()[pri:0, instance:cn.lixing.worker.Test.TestCase.BindCodeTesCase@de0a01f]" name="initTestData" is-config="true" duration-ms="60228" started-at="2018-07-18T14:31:09Z" finished-at="2018-07-18T14:32:09Z">
          <reporter-output>
          </reporter-output>
        </test-method> <!-- initTestData -->
        <test-method status="FAIL" signature="BindCodeTest_01(java.lang.String)[pri:0, instance:cn.lixing.worker.Test.TestCase.BindCodeTesCase@de0a01f]" name="BindCodeTest_01" duration-ms="49016" started-at="2018-07-18T14:32:09Z" data-provider="BindCodeData" finished-at="2018-07-18T14:32:58Z">
          <params>
            <param index="0">
              <value>
                <![CDATA[k7JDmLeQS]]>
              </value>
            </param>
          </params>
          <exception class="java.lang.AssertionError">
            <message>
              <![CDATA[expected [null] but found [607240426]]]>
            </message>
            <full-stacktrace>
              <![CDATA[java.lang.AssertionError: expected [null] but found [607240426]
	at org.testng.Assert.fail(Assert.java:94)
	at org.testng.Assert.failNotEquals(Assert.java:494)
	at org.testng.Assert.assertEquals(Assert.java:123)
	at org.testng.Assert.assertEquals(Assert.java:176)
	at org.testng.Assert.assertEquals(Assert.java:186)
	at cn.lixing.worker.Test.TestCase.BindCodeTesCase.BindCodeTest_01(BindCodeTesCase.java:46)
	at sun.reflect.NativeMethodAccessorImpl.invoke0(Native Method)
	at sun.reflect.NativeMethodAccessorImpl.invoke(Unknown Source)
	at sun.reflect.DelegatingMethodAccessorImpl.invoke(Unknown Source)
	at java.lang.reflect.Method.invoke(Unknown Source)
	at org.testng.internal.MethodInvocationHelper.invokeMethod(MethodInvocationHelper.java:84)
	at org.testng.internal.Invoker.invokeMethod(Invoker.java:714)
	at org.testng.internal.Invoker.invokeTestMethod(Invoker.java:901)
	at org.testng.internal.Invoker.invokeTestMethods(Invoker.java:1231)
	at org.testng.internal.TestMethodWorker.invokeTestMethods(TestMethodWorker.java:127)
	at org.testng.internal.TestMethodWorker.run(TestMethodWorker.java:111)
	at org.testng.TestRunner.privateRun(TestRunner.java:767)
	at org.testng.TestRunner.run(TestRunner.java:617)
	at org.testng.SuiteRunner.runTest(SuiteRunner.java:335)
	at org.testng.SuiteRunner.runSequentially(SuiteRunner.java:330)
	at org.testng.SuiteRunner.privateRun(SuiteRunner.java:291)
	at org.testng.SuiteRunner.run(SuiteRunner.java:240)
	at org.testng.SuiteRunnerWorker.runSuite(SuiteRunnerWorker.java:52)
	at org.testng.SuiteRunnerWorker.run(SuiteRunnerWorker.java:86)
	at org.testng.TestNG.runSuitesSequentially(TestNG.java:1224)
	at org.testng.TestNG.runSuitesLocally(TestNG.java:1149)
	at org.testng.TestNG.run(TestNG.java:1057)
	at org.testng.remote.RemoteTestNG.run(RemoteTestNG.java:111)
	at org.testng.remote.RemoteTestNG.initAndRun(RemoteTestNG.java:204)
	at org.testng.remote.RemoteTestNG.main(RemoteTestNG.java:175)
]]>
            </full-stacktrace>
          </exception> <!-- java.lang.AssertionError -->
          <reporter-output>
          </reporter-output>
        </test-method> <!-- BindCodeTest_01 -->
        <test-method status="PASS" signature="close()[pri:0, instance:cn.lixing.worker.Test.TestCase.BindCodeTesCase@de0a01f]" name="close" is-config="true" duration-ms="1107" started-at="2018-07-18T14:32:58Z" finished-at="2018-07-18T14:33:00Z">
          <reporter-output>
          </reporter-output>
        </test-method> <!-- close -->
      </class> <!-- cn.lixing.worker.Test.TestCase.BindCodeTesCase -->
    </test> <!-- Default test -->
  </suite> <!-- Default suite -->
</testng-results>
